<?xml version="1.0" encoding="UTF-8"?>
<robot generator="Robot 7.2.2 (Python 3.13.2 on win32)" generated="2025-08-05T21:00:05.760128" rpa="false" schemaversion="5">
<suite id="s1" name="Diretoria" source="c:\Supernatural\Robot-Framework\Card23331CadastrarNovaDIretoria\tests\diretoria.robot">
<test id="s1-t1" name="CT10: Consultar contagem de diretorias com sucesso" line="117">
<kw name="Realizar Login e Salvar Token" owner="auth" type="SETUP">
<kw name="Create Dictionary" owner="BuiltIn">
<msg time="2025-08-05T21:00:06.555835" level="INFO">${headers} = {'Content-Type': 'application/json'}</msg>
<var>${headers}</var>
<arg>Content-Type=application/json</arg>
<doc>Creates and returns a dictionary based on the given ``items``.</doc>
<status status="PASS" start="2025-08-05T21:00:06.555211" elapsed="0.003689"/>
</kw>
<kw name="Create Session" owner="RequestsLibrary">
<msg time="2025-08-05T21:00:06.560417" level="INFO">Creating Session using : alias=supernatural, url=https://api-supernatural.qacoders.dev.br/api, headers={'Content-Type': 'application/json'},                     cookies={}, auth=None, timeout=None, proxies=None, verify=True,                     debug=0 </msg>
<arg>alias=supernatural</arg>
<arg>url=${BASE_URL}</arg>
<arg>headers=${headers}</arg>
<arg>verify=${True}</arg>
<doc>Create Session: create a HTTP session to a server</doc>
<status status="PASS" start="2025-08-05T21:00:06.559436" elapsed="0.001511"/>
</kw>
<kw name="Create Dictionary" owner="BuiltIn">
<msg time="2025-08-05T21:00:06.562138" level="INFO">${body} = {'mail': 'sysadmin@qacoders.com', 'password': '1234@Test'}</msg>
<var>${body}</var>
<arg>mail=sysadmin@qacoders.com</arg>
<arg>password=1234@Test</arg>
<doc>Creates and returns a dictionary based on the given ``items``.</doc>
<status status="PASS" start="2025-08-05T21:00:06.561427" elapsed="0.001560"/>
</kw>
<kw name="POST On Session" owner="RequestsLibrary">
<msg time="2025-08-05T21:00:07.736222" level="INFO">POST Request : url=https://api-supernatural.qacoders.dev.br/api/login 
 path_url=/api/login 
 headers={'User-Agent': 'python-requests/2.32.4', 'Accept-Encoding': 'gzip, deflate', 'Accept': '*/*', 'Connection': 'keep-alive', 'Content-Type': 'application/json', 'Content-Length': '58'} 
 body=b'{"mail": "sysadmin@qacoders.com", "password": "1234@Test"}' 
 </msg>
<msg time="2025-08-05T21:00:07.737311" level="INFO">POST Response : url=https://api-supernatural.qacoders.dev.br/api/login 
 status=200, reason=OK 
 headers={'Access-Control-Allow-Origin': '*', 'Content-Length': '1334', 'Content-Type': 'application/json; charset=utf-8', 'Date': 'Wed, 06 Aug 2025 00:00:00 GMT', 'Etag': 'W/"536-Cwe91L2zzdXg/guYHJWcvv4g2gw"', 'X-Powered-By': 'Express'} 
 body={"msg":"Olá Qa-Coders-SYSADMIN, autenticação autorizada com sucesso!","user":{"_id":"6888ecda6d0acf13553c9eec","fullName":"Qa-Coders-SYSADMIN","mail":"sysadmin@qacoders.com","password":"$2b$10$LgD0Z/OD9TL6XFx2gPEpq.S6JTP1EDgaT/I5LIo7VeMWOqtzQJh2K","accessProfile":"SYSADMIN","cpf":"11111111111","status":true,"audit":[{"registeredBy":{"userId":"111111111111111111","userLogin":"sysadmin@qacoders.com"},"registrationDate":"terça-feira, 29/07/2025, 12:46:34 BRT","registrationNumber":"01","companyId":"Qa.Coders","_id":"6888ecda6d0acf13553c9eed"}],"__v":0},"token":"eyJhbGciOiJIUzI1NiIsInR5cCI6IkpXVCJ9.eyJfaWQiOiI2ODg4ZWNkYTZkMGFjZjEzNTUzYzllZWMiLCJmdWxsTmFtZSI6IlFhLUNvZGVycy1TWVNBRE1JTiIsIm1haWwiOiJzeXNhZG1pbkBxYWNvZGVycy5jb20iLCJwYXNzd29yZCI6IiQyYiQxMCRMZ0QwWi9PRDlUTDZYRngyZ1BFcHEuUzZKVFAxRURnYVQvSTVMSW83VmVNV09xdHpRSmgySyIsImFjY2Vzc1Byb2ZpbGUiOiJTWVNBRE1JTiIsImNwZiI6IjExMTExMTExMTExIiwic3RhdHVzIjp0cnVlLCJhdWRpdCI6W3sicmVnaXN0ZXJlZEJ5Ijp7InVzZXJJZCI6IjExMTExMTExMTExMTExMTExMSIsInVzZXJMb2dpbiI6InN5c2FkbWluQHFhY29kZXJzLmNvbSJ9LCJyZWdpc3RyYXRpb25EYXRlIjoidGVyw6dhLWZlaXJhLCAyOS8wNy8yMDI1LCAxMjo0NjozNCBCUlQiLCJyZWdpc3RyYXRpb25OdW1iZXIiOiIwMSIsImNvbXBhbnlJZCI6IlFhLkNvZGVycyIsIl9pZCI6IjY4ODhlY2RhNmQwYWNmMTM1NTNjOWVlZCJ9XSwiX192IjowLCJpYXQiOjE3NTQ0Mzg0MDAsImV4cCI6MTc1NDUyNDgwMH0.yjSfAM428Bhg0gujF8eiBhJ20xCJw-11j4rFhtH9hi0"} 
 </msg>
<msg time="2025-08-05T21:00:07.737862" level="INFO">${response} = &lt;Response [200]&gt;</msg>
<var>${response}</var>
<arg>alias=supernatural</arg>
<arg>url=/login</arg>
<arg>json=${body}</arg>
<doc>Sends a POST request on a previously created HTTP Session.</doc>
<status status="PASS" start="2025-08-05T21:00:06.563683" elapsed="1.174397"/>
</kw>
<kw name="Status Should Be" owner="RequestsLibrary">
<arg>200</arg>
<arg>${response}</arg>
<doc>Fails if response status code is different than the expected.</doc>
<status status="PASS" start="2025-08-05T21:00:07.738455" elapsed="0.000792"/>
</kw>
<kw name="Set Variable" owner="BuiltIn">
<msg time="2025-08-05T21:00:07.741131" level="INFO">${token} = eyJhbGciOiJIUzI1NiIsInR5cCI6IkpXVCJ9.eyJfaWQiOiI2ODg4ZWNkYTZkMGFjZjEzNTUzYzllZWMiLCJmdWxsTmFtZSI6IlFhLUNvZGVycy1TWVNBRE1JTiIsIm1haWwiOiJzeXNhZG1pbkBxYWNvZGVycy5jb20iLCJwYXNzd29yZCI6IiQyYiQxMCRMZ0QwWi9...</msg>
<var>${token}</var>
<arg>${response.json()["token"]}</arg>
<doc>Returns the given values which can then be assigned to a variables.</doc>
<status status="PASS" start="2025-08-05T21:00:07.739649" elapsed="0.002097"/>
</kw>
<kw name="Set Suite Variable" owner="BuiltIn">
<msg time="2025-08-05T21:00:07.744752" level="INFO">${AUTH_TOKEN} = eyJhbGciOiJIUzI1NiIsInR5cCI6IkpXVCJ9.eyJfaWQiOiI2ODg4ZWNkYTZkMGFjZjEzNTUzYzllZWMiLCJmdWxsTmFtZSI6IlFhLUNvZGVycy1TWVNBRE1JTiIsIm1haWwiOiJzeXNhZG1pbkBxYWNvZGVycy5jb20iLCJwYXNzd29yZCI6IiQyYiQxMCRMZ0QwWi9...</msg>
<arg>${AUTH_TOKEN}</arg>
<arg>${token}</arg>
<doc>Makes a variable available everywhere within the scope of the current suite.</doc>
<status status="PASS" start="2025-08-05T21:00:07.742317" elapsed="0.002781"/>
</kw>
<doc>Realiza o login com um usuário fixo e salva o token de autenticação
para ser usado por toda a suíte de testes.</doc>
<status status="PASS" start="2025-08-05T21:00:06.554126" elapsed="1.191215"/>
</kw>
<kw name="Contar Diretorias" owner="diretoria">
<kw name="GET On Session" owner="RequestsLibrary">
<msg time="2025-08-05T21:00:07.901633" level="INFO">GET Request : url=https://api-supernatural.qacoders.dev.br/api/board/count?token=eyJhbGciOiJIUzI1NiIsInR5cCI6IkpXVCJ9.eyJfaWQiOiI2ODg4ZWNkYTZkMGFjZjEzNTUzYzllZWMiLCJmdWxsTmFtZSI6IlFhLUNvZGVycy1TWVNBRE1JTiIsIm1haWwiOiJzeXNhZG1pbkBxYWNvZGVycy5jb20iLCJwYXNzd29yZCI6IiQyYiQxMCRMZ0QwWi9PRDlUTDZYRngyZ1BFcHEuUzZKVFAxRURnYVQvSTVMSW83VmVNV09xdHpRSmgySyIsImFjY2Vzc1Byb2ZpbGUiOiJTWVNBRE1JTiIsImNwZiI6IjExMTExMTExMTExIiwic3RhdHVzIjp0cnVlLCJhdWRpdCI6W3sicmVnaXN0ZXJlZEJ5Ijp7InVzZXJJZCI6IjExMTExMTExMTExMTExMTExMSIsInVzZXJMb2dpbiI6InN5c2FkbWluQHFhY29kZXJzLmNvbSJ9LCJyZWdpc3RyYXRpb25EYXRlIjoidGVyw6dhLWZlaXJhLCAyOS8wNy8yMDI1LCAxMjo0NjozNCBCUlQiLCJyZWdpc3RyYXRpb25OdW1iZXIiOiIwMSIsImNvbXBhbnlJZCI6IlFhLkNvZGVycyIsIl9pZCI6IjY4ODhlY2RhNmQwYWNmMTM1NTNjOWVlZCJ9XSwiX192IjowLCJpYXQiOjE3NTQ0Mzg0MDAsImV4cCI6MTc1NDUyNDgwMH0.yjSfAM428Bhg0gujF8eiBhJ20xCJw-11j4rFhtH9hi0 
 path_url=/api/board/count?token=eyJhbGciOiJIUzI1NiIsInR5cCI6IkpXVCJ9.eyJfaWQiOiI2ODg4ZWNkYTZkMGFjZjEzNTUzYzllZWMiLCJmdWxsTmFtZSI6IlFhLUNvZGVycy1TWVNBRE1JTiIsIm1haWwiOiJzeXNhZG1pbkBxYWNvZGVycy5jb20iLCJwYXNzd29yZCI6IiQyYiQxMCRMZ0QwWi9PRDlUTDZYRngyZ1BFcHEuUzZKVFAxRURnYVQvSTVMSW83VmVNV09xdHpRSmgySyIsImFjY2Vzc1Byb2ZpbGUiOiJTWVNBRE1JTiIsImNwZiI6IjExMTExMTExMTExIiwic3RhdHVzIjp0cnVlLCJhdWRpdCI6W3sicmVnaXN0ZXJlZEJ5Ijp7InVzZXJJZCI6IjExMTExMTExMTExMTExMTExMSIsInVzZXJMb2dpbiI6InN5c2FkbWluQHFhY29kZXJzLmNvbSJ9LCJyZWdpc3RyYXRpb25EYXRlIjoidGVyw6dhLWZlaXJhLCAyOS8wNy8yMDI1LCAxMjo0NjozNCBCUlQiLCJyZWdpc3RyYXRpb25OdW1iZXIiOiIwMSIsImNvbXBhbnlJZCI6IlFhLkNvZGVycyIsIl9pZCI6IjY4ODhlY2RhNmQwYWNmMTM1NTNjOWVlZCJ9XSwiX192IjowLCJpYXQiOjE3NTQ0Mzg0MDAsImV4cCI6MTc1NDUyNDgwMH0.yjSfAM428Bhg0gujF8eiBhJ20xCJw-11j4rFhtH9hi0 
 headers={'User-Agent': 'python-requests/2.32.4', 'Accept-Encoding': 'gzip, deflate', 'Accept': '*/*', 'Connection': 'keep-alive', 'Content-Type': 'application/json'} 
 body=None 
 </msg>
<msg time="2025-08-05T21:00:07.903212" level="INFO">GET Response : url=https://api-supernatural.qacoders.dev.br/api/board/count?token=eyJhbGciOiJIUzI1NiIsInR5cCI6IkpXVCJ9.eyJfaWQiOiI2ODg4ZWNkYTZkMGFjZjEzNTUzYzllZWMiLCJmdWxsTmFtZSI6IlFhLUNvZGVycy1TWVNBRE1JTiIsIm1haWwiOiJzeXNhZG1pbkBxYWNvZGVycy5jb20iLCJwYXNzd29yZCI6IiQyYiQxMCRMZ0QwWi9PRDlUTDZYRngyZ1BFcHEuUzZKVFAxRURnYVQvSTVMSW83VmVNV09xdHpRSmgySyIsImFjY2Vzc1Byb2ZpbGUiOiJTWVNBRE1JTiIsImNwZiI6IjExMTExMTExMTExIiwic3RhdHVzIjp0cnVlLCJhdWRpdCI6W3sicmVnaXN0ZXJlZEJ5Ijp7InVzZXJJZCI6IjExMTExMTExMTExMTExMTExMSIsInVzZXJMb2dpbiI6InN5c2FkbWluQHFhY29kZXJzLmNvbSJ9LCJyZWdpc3RyYXRpb25EYXRlIjoidGVyw6dhLWZlaXJhLCAyOS8wNy8yMDI1LCAxMjo0NjozNCBCUlQiLCJyZWdpc3RyYXRpb25OdW1iZXIiOiIwMSIsImNvbXBhbnlJZCI6IlFhLkNvZGVycyIsIl9pZCI6IjY4ODhlY2RhNmQwYWNmMTM1NTNjOWVlZCJ9XSwiX192IjowLCJpYXQiOjE3NTQ0Mzg0MDAsImV4cCI6MTc1NDUyNDgwMH0.yjSfAM428Bhg0gujF8eiBhJ20xCJw-11j4rFhtH9hi0 
 status=200, reason=OK 
 headers={'Access-Control-Allow-Origin': '*', 'Content-Length': '13', 'Content-Type': 'application/json; charset=utf-8', 'Date': 'Wed, 06 Aug 2025 00:00:00 GMT', 'Etag': 'W/"d-UxoblytQKeAmae1kZ6wF+5grTm8"', 'X-Powered-By': 'Express'} 
 body={"count":217} 
 </msg>
<msg time="2025-08-05T21:00:07.904446" level="INFO">${response} = &lt;Response [200]&gt;</msg>
<var>${response}</var>
<arg>alias=supernatural</arg>
<arg>url=/board/count?token=${AUTH_TOKEN}</arg>
<arg>params=${filtros}</arg>
<doc>Sends a GET request on a previously created HTTP Session.</doc>
<status status="PASS" start="2025-08-05T21:00:07.747320" elapsed="0.157518"/>
</kw>
<return>
<value>${response}</value>
<status status="PASS" start="2025-08-05T21:00:07.905235" elapsed="0.000393"/>
</return>
<msg time="2025-08-05T21:00:07.906405" level="INFO">${resp} = &lt;Response [200]&gt;</msg>
<var>${resp}</var>
<doc>Envia uma requisição GET para /board/count.</doc>
<status status="PASS" start="2025-08-05T21:00:07.746241" elapsed="0.161307"/>
</kw>
<kw name="Status Should Be" owner="RequestsLibrary">
<arg>200</arg>
<arg>${resp}</arg>
<doc>Fails if response status code is different than the expected.</doc>
<status status="PASS" start="2025-08-05T21:00:07.908515" elapsed="0.000772"/>
</kw>
<tag>count</tag>
<tag>GET</tag>
<tag>smoke</tag>
<status status="PASS" start="2025-08-05T21:00:06.552121" elapsed="1.358180"/>
</test>
<status status="PASS" start="2025-08-05T21:00:05.768083" elapsed="2.144917"/>
</suite>
<statistics>
<total>
<stat pass="1" fail="0" skip="0">All Tests</stat>
</total>
<tag>
<stat pass="1" fail="0" skip="0">count</stat>
<stat pass="1" fail="0" skip="0">GET</stat>
<stat pass="1" fail="0" skip="0">smoke</stat>
</tag>
<suite>
<stat name="Diretoria" id="s1" pass="1" fail="0" skip="0">Diretoria</stat>
</suite>
</statistics>
<errors>
</errors>
</robot>
