<?xml version="1.0" encoding="UTF-8"?>
<robot generator="Robot 7.2.2 (Python 3.13.2 on win32)" generated="2025-08-01T19:32:13.292293" rpa="false" schemaversion="5">
<suite id="s1" name="1 - Criação de usuario" source="C:\Supernatural\2 - Users\1 - Criação de usuario.robot">
<test id="s1-t1" name="Validar Login" line="12">
<kw name="Realizar Login">
<kw name="Create Dictionary" owner="BuiltIn">
<msg time="2025-08-01T19:32:14.034626" level="INFO">${body} = {'mail': 'sysadmin@qacoders.com', 'password': '1234@Test'}</msg>
<var>${body}</var>
<arg>mail=sysadmin@qacoders.com</arg>
<arg>password=1234@Test</arg>
<doc>Creates and returns a dictionary based on the given ``items``.</doc>
<status status="PASS" start="2025-08-01T19:32:14.034089" elapsed="0.000609"/>
</kw>
<kw name="Criar Sessao">
<kw name="Create Dictionary" owner="BuiltIn">
<msg time="2025-08-01T19:32:14.035699" level="INFO">${headers} = {'accept': 'application/json', 'Content-Type': 'application/json'}</msg>
<var>${headers}</var>
<arg>accept=application/json</arg>
<arg>Content-Type=application/json</arg>
<doc>Creates and returns a dictionary based on the given ``items``.</doc>
<status status="PASS" start="2025-08-01T19:32:14.035396" elapsed="0.000360"/>
</kw>
<kw name="Create Session" owner="RequestsLibrary">
<msg time="2025-08-01T19:32:14.036479" level="INFO">Creating Session using : alias=supernatural, url=https://api-supernatural.qacoders.dev.br/api/, headers={'accept': 'application/json', 'Content-Type': 'application/json'},                     cookies={}, auth=None, timeout=None, proxies=None, verify=True,                     debug=0 </msg>
<arg>alias=supernatural</arg>
<arg>url=${baseUrl}</arg>
<arg>headers=${headers}</arg>
<arg>verify=true</arg>
<doc>Create Session: create a HTTP session to a server</doc>
<status status="PASS" start="2025-08-01T19:32:14.035957" elapsed="0.001030"/>
</kw>
<status status="PASS" start="2025-08-01T19:32:14.034994" elapsed="0.002192"/>
</kw>
<kw name="POST On Session" owner="RequestsLibrary">
<msg time="2025-08-01T19:32:15.245387" level="INFO">POST Request : url=https://api-supernatural.qacoders.dev.br/api/login 
 path_url=/api/login 
 headers={'User-Agent': 'python-requests/2.32.4', 'Accept-Encoding': 'gzip, deflate', 'accept': 'application/json', 'Connection': 'keep-alive', 'Content-Type': 'application/json', 'Content-Length': '58'} 
 body=b'{"mail": "sysadmin@qacoders.com", "password": "1234@Test"}' 
 </msg>
<msg time="2025-08-01T19:32:15.245633" level="INFO">POST Response : url=https://api-supernatural.qacoders.dev.br/api/login 
 status=200, reason=OK 
 headers={'Access-Control-Allow-Origin': '*', 'Content-Length': '1334', 'Content-Type': 'application/json; charset=utf-8', 'Date': 'Fri, 01 Aug 2025 22:32:08 GMT', 'Etag': 'W/"536-wdvAt4GWE6Jr2+o8KsHjR/1Bv84"', 'X-Powered-By': 'Express'} 
 body={"msg":"Olá Qa-Coders-SYSADMIN, autenticação autorizada com sucesso!","user":{"_id":"6888ecda6d0acf13553c9eec","fullName":"Qa-Coders-SYSADMIN","mail":"sysadmin@qacoders.com","password":"$2b$10$LgD0Z/OD9TL6XFx2gPEpq.S6JTP1EDgaT/I5LIo7VeMWOqtzQJh2K","accessProfile":"SYSADMIN","cpf":"11111111111","status":true,"audit":[{"registeredBy":{"userId":"111111111111111111","userLogin":"sysadmin@qacoders.com"},"registrationDate":"terça-feira, 29/07/2025, 12:46:34 BRT","registrationNumber":"01","companyId":"Qa.Coders","_id":"6888ecda6d0acf13553c9eed"}],"__v":0},"token":"eyJhbGciOiJIUzI1NiIsInR5cCI6IkpXVCJ9.eyJfaWQiOiI2ODg4ZWNkYTZkMGFjZjEzNTUzYzllZWMiLCJmdWxsTmFtZSI6IlFhLUNvZGVycy1TWVNBRE1JTiIsIm1haWwiOiJzeXNhZG1pbkBxYWNvZGVycy5jb20iLCJwYXNzd29yZCI6IiQyYiQxMCRMZ0QwWi9PRDlUTDZYRngyZ1BFcHEuUzZKVFAxRURnYVQvSTVMSW83VmVNV09xdHpRSmgySyIsImFjY2Vzc1Byb2ZpbGUiOiJTWVNBRE1JTiIsImNwZiI6IjExMTExMTExMTExIiwic3RhdHVzIjp0cnVlLCJhdWRpdCI6W3sicmVnaXN0ZXJlZEJ5Ijp7InVzZXJJZCI6IjExMTExMTExMTExMTExMTExMSIsInVzZXJMb2dpbiI6InN5c2FkbWluQHFhY29kZXJzLmNvbSJ9LCJyZWdpc3RyYXRpb25EYXRlIjoidGVyw6dhLWZlaXJhLCAyOS8wNy8yMDI1LCAxMjo0NjozNCBCUlQiLCJyZWdpc3RyYXRpb25OdW1iZXIiOiIwMSIsImNvbXBhbnlJZCI6IlFhLkNvZGVycyIsIl9pZCI6IjY4ODhlY2RhNmQwYWNmMTM1NTNjOWVlZCJ9XSwiX192IjowLCJpYXQiOjE3NTQwODc1MjgsImV4cCI6MTc1NDE3MzkyOH0.19bAWJdvUYBMAyxl7YLBGTYR7LC-lMVAeCtSz83uSuI"} 
 </msg>
<msg time="2025-08-01T19:32:15.245913" level="INFO">${response} = &lt;Response [200]&gt;</msg>
<var>${response}</var>
<arg>alias=supernatural</arg>
<arg>url=/login</arg>
<arg>json=${body}</arg>
<doc>Sends a POST request on a previously created HTTP Session.</doc>
<status status="PASS" start="2025-08-01T19:32:14.037449" elapsed="1.208532"/>
</kw>
<kw name="Status Should Be" owner="RequestsLibrary">
<arg>200</arg>
<arg>${response}</arg>
<doc>Fails if response status code is different than the expected.</doc>
<status status="PASS" start="2025-08-01T19:32:15.246293" elapsed="0.000664"/>
</kw>
<return>
<value>${response.json()["token"]}</value>
<status status="PASS" start="2025-08-01T19:32:15.247133" elapsed="0.000128"/>
</return>
<status status="PASS" start="2025-08-01T19:32:14.032822" elapsed="1.215545"/>
</kw>
<status status="PASS" start="2025-08-01T19:32:14.031559" elapsed="1.217343"/>
</test>
<test id="s1-t2" name="Criar um usuário" line="15">
<kw name="Create User">
<kw name="Realizar Login">
<kw name="Create Dictionary" owner="BuiltIn">
<msg time="2025-08-01T19:32:15.251412" level="INFO">${body} = {'mail': 'sysadmin@qacoders.com', 'password': '1234@Test'}</msg>
<var>${body}</var>
<arg>mail=sysadmin@qacoders.com</arg>
<arg>password=1234@Test</arg>
<doc>Creates and returns a dictionary based on the given ``items``.</doc>
<status status="PASS" start="2025-08-01T19:32:15.251187" elapsed="0.000267"/>
</kw>
<kw name="Criar Sessao">
<kw name="Create Dictionary" owner="BuiltIn">
<msg time="2025-08-01T19:32:15.252264" level="INFO">${headers} = {'accept': 'application/json', 'Content-Type': 'application/json'}</msg>
<var>${headers}</var>
<arg>accept=application/json</arg>
<arg>Content-Type=application/json</arg>
<doc>Creates and returns a dictionary based on the given ``items``.</doc>
<status status="PASS" start="2025-08-01T19:32:15.252019" elapsed="0.000297"/>
</kw>
<kw name="Create Session" owner="RequestsLibrary">
<msg time="2025-08-01T19:32:15.253627" level="INFO">Creating Session using : alias=supernatural, url=https://api-supernatural.qacoders.dev.br/api/, headers={'accept': 'application/json', 'Content-Type': 'application/json'},                     cookies={}, auth=None, timeout=None, proxies=None, verify=True,                     debug=0 </msg>
<arg>alias=supernatural</arg>
<arg>url=${baseUrl}</arg>
<arg>headers=${headers}</arg>
<arg>verify=true</arg>
<doc>Create Session: create a HTTP session to a server</doc>
<status status="PASS" start="2025-08-01T19:32:15.252548" elapsed="0.001370"/>
</kw>
<status status="PASS" start="2025-08-01T19:32:15.251653" elapsed="0.002389"/>
</kw>
<kw name="POST On Session" owner="RequestsLibrary">
<msg time="2025-08-01T19:32:16.443407" level="INFO">POST Request : url=https://api-supernatural.qacoders.dev.br/api/login 
 path_url=/api/login 
 headers={'User-Agent': 'python-requests/2.32.4', 'Accept-Encoding': 'gzip, deflate', 'accept': 'application/json', 'Connection': 'keep-alive', 'Content-Type': 'application/json', 'Content-Length': '58'} 
 body=b'{"mail": "sysadmin@qacoders.com", "password": "1234@Test"}' 
 </msg>
<msg time="2025-08-01T19:32:16.443526" level="INFO">POST Response : url=https://api-supernatural.qacoders.dev.br/api/login 
 status=200, reason=OK 
 headers={'Access-Control-Allow-Origin': '*', 'Content-Length': '1334', 'Content-Type': 'application/json; charset=utf-8', 'Date': 'Fri, 01 Aug 2025 22:32:10 GMT', 'Etag': 'W/"536-joUwePVre5Bsrq05CLEoVK2Eozw"', 'X-Powered-By': 'Express'} 
 body={"msg":"Olá Qa-Coders-SYSADMIN, autenticação autorizada com sucesso!","user":{"_id":"6888ecda6d0acf13553c9eec","fullName":"Qa-Coders-SYSADMIN","mail":"sysadmin@qacoders.com","password":"$2b$10$LgD0Z/OD9TL6XFx2gPEpq.S6JTP1EDgaT/I5LIo7VeMWOqtzQJh2K","accessProfile":"SYSADMIN","cpf":"11111111111","status":true,"audit":[{"registeredBy":{"userId":"111111111111111111","userLogin":"sysadmin@qacoders.com"},"registrationDate":"terça-feira, 29/07/2025, 12:46:34 BRT","registrationNumber":"01","companyId":"Qa.Coders","_id":"6888ecda6d0acf13553c9eed"}],"__v":0},"token":"eyJhbGciOiJIUzI1NiIsInR5cCI6IkpXVCJ9.eyJfaWQiOiI2ODg4ZWNkYTZkMGFjZjEzNTUzYzllZWMiLCJmdWxsTmFtZSI6IlFhLUNvZGVycy1TWVNBRE1JTiIsIm1haWwiOiJzeXNhZG1pbkBxYWNvZGVycy5jb20iLCJwYXNzd29yZCI6IiQyYiQxMCRMZ0QwWi9PRDlUTDZYRngyZ1BFcHEuUzZKVFAxRURnYVQvSTVMSW83VmVNV09xdHpRSmgySyIsImFjY2Vzc1Byb2ZpbGUiOiJTWVNBRE1JTiIsImNwZiI6IjExMTExMTExMTExIiwic3RhdHVzIjp0cnVlLCJhdWRpdCI6W3sicmVnaXN0ZXJlZEJ5Ijp7InVzZXJJZCI6IjExMTExMTExMTExMTExMTExMSIsInVzZXJMb2dpbiI6InN5c2FkbWluQHFhY29kZXJzLmNvbSJ9LCJyZWdpc3RyYXRpb25EYXRlIjoidGVyw6dhLWZlaXJhLCAyOS8wNy8yMDI1LCAxMjo0NjozNCBCUlQiLCJyZWdpc3RyYXRpb25OdW1iZXIiOiIwMSIsImNvbXBhbnlJZCI6IlFhLkNvZGVycyIsIl9pZCI6IjY4ODhlY2RhNmQwYWNmMTM1NTNjOWVlZCJ9XSwiX192IjowLCJpYXQiOjE3NTQwODc1MzAsImV4cCI6MTc1NDE3MzkzMH0.OxEZoW3_BLi6J81sUomjKZ2E1VSxebKd_RUW-1xK2U4"} 
 </msg>
<msg time="2025-08-01T19:32:16.443952" level="INFO">${response} = &lt;Response [200]&gt;</msg>
<var>${response}</var>
<arg>alias=supernatural</arg>
<arg>url=/login</arg>
<arg>json=${body}</arg>
<doc>Sends a POST request on a previously created HTTP Session.</doc>
<status status="PASS" start="2025-08-01T19:32:15.254200" elapsed="1.189793"/>
</kw>
<kw name="Status Should Be" owner="RequestsLibrary">
<arg>200</arg>
<arg>${response}</arg>
<doc>Fails if response status code is different than the expected.</doc>
<status status="PASS" start="2025-08-01T19:32:16.444199" elapsed="0.000276"/>
</kw>
<return>
<value>${response.json()["token"]}</value>
<status status="PASS" start="2025-08-01T19:32:16.444561" elapsed="0.000068"/>
</return>
<msg time="2025-08-01T19:32:16.445290" level="INFO">${token} = eyJhbGciOiJIUzI1NiIsInR5cCI6IkpXVCJ9.eyJfaWQiOiI2ODg4ZWNkYTZkMGFjZjEzNTUzYzllZWMiLCJmdWxsTmFtZSI6IlFhLUNvZGVycy1TWVNBRE1JTiIsIm1haWwiOiJzeXNhZG1pbkBxYWNvZGVycy5jb20iLCJwYXNzd29yZCI6IiQyYiQxMCRMZ0QwWi9...</msg>
<var>${token}</var>
<status status="PASS" start="2025-08-01T19:32:15.250907" elapsed="1.194426"/>
</kw>
<kw name="Create Dictionary" owner="BuiltIn">
<msg time="2025-08-01T19:32:16.445808" level="INFO">${body} = {'fullName': 'Martins Elifas', 'mail': 'elifass71@gmail.com', 'password': '1234@Test', 'accessProfile': 'ADMIN', 'cpf': '08191182023', 'confirmPassword': '1234@Test'}</msg>
<var>${body}</var>
<arg>fullName=Martins Elifas</arg>
<arg>mail=elifass71@gmail.com</arg>
<arg>password=1234@Test</arg>
<arg>accessProfile=ADMIN</arg>
<arg>cpf=08191182023</arg>
<arg>confirmPassword=1234@Test</arg>
<doc>Creates and returns a dictionary based on the given ``items``.</doc>
<status status="PASS" start="2025-08-01T19:32:16.445505" elapsed="0.000344"/>
</kw>
<kw name="POST On Session" owner="RequestsLibrary">
<msg time="2025-08-01T19:32:16.638633" level="INFO">POST Request : url=https://api-supernatural.qacoders.dev.br/api/user/?token=eyJhbGciOiJIUzI1NiIsInR5cCI6IkpXVCJ9.eyJfaWQiOiI2ODg4ZWNkYTZkMGFjZjEzNTUzYzllZWMiLCJmdWxsTmFtZSI6IlFhLUNvZGVycy1TWVNBRE1JTiIsIm1haWwiOiJzeXNhZG1pbkBxYWNvZGVycy5jb20iLCJwYXNzd29yZCI6IiQyYiQxMCRMZ0QwWi9PRDlUTDZYRngyZ1BFcHEuUzZKVFAxRURnYVQvSTVMSW83VmVNV09xdHpRSmgySyIsImFjY2Vzc1Byb2ZpbGUiOiJTWVNBRE1JTiIsImNwZiI6IjExMTExMTExMTExIiwic3RhdHVzIjp0cnVlLCJhdWRpdCI6W3sicmVnaXN0ZXJlZEJ5Ijp7InVzZXJJZCI6IjExMTExMTExMTExMTExMTExMSIsInVzZXJMb2dpbiI6InN5c2FkbWluQHFhY29kZXJzLmNvbSJ9LCJyZWdpc3RyYXRpb25EYXRlIjoidGVyw6dhLWZlaXJhLCAyOS8wNy8yMDI1LCAxMjo0NjozNCBCUlQiLCJyZWdpc3RyYXRpb25OdW1iZXIiOiIwMSIsImNvbXBhbnlJZCI6IlFhLkNvZGVycyIsIl9pZCI6IjY4ODhlY2RhNmQwYWNmMTM1NTNjOWVlZCJ9XSwiX192IjowLCJpYXQiOjE3NTQwODc1MzAsImV4cCI6MTc1NDE3MzkzMH0.OxEZoW3_BLi6J81sUomjKZ2E1VSxebKd_RUW-1xK2U4 
 path_url=/api/user/?token=eyJhbGciOiJIUzI1NiIsInR5cCI6IkpXVCJ9.eyJfaWQiOiI2ODg4ZWNkYTZkMGFjZjEzNTUzYzllZWMiLCJmdWxsTmFtZSI6IlFhLUNvZGVycy1TWVNBRE1JTiIsIm1haWwiOiJzeXNhZG1pbkBxYWNvZGVycy5jb20iLCJwYXNzd29yZCI6IiQyYiQxMCRMZ0QwWi9PRDlUTDZYRngyZ1BFcHEuUzZKVFAxRURnYVQvSTVMSW83VmVNV09xdHpRSmgySyIsImFjY2Vzc1Byb2ZpbGUiOiJTWVNBRE1JTiIsImNwZiI6IjExMTExMTExMTExIiwic3RhdHVzIjp0cnVlLCJhdWRpdCI6W3sicmVnaXN0ZXJlZEJ5Ijp7InVzZXJJZCI6IjExMTExMTExMTExMTExMTExMSIsInVzZXJMb2dpbiI6InN5c2FkbWluQHFhY29kZXJzLmNvbSJ9LCJyZWdpc3RyYXRpb25EYXRlIjoidGVyw6dhLWZlaXJhLCAyOS8wNy8yMDI1LCAxMjo0NjozNCBCUlQiLCJyZWdpc3RyYXRpb25OdW1iZXIiOiIwMSIsImNvbXBhbnlJZCI6IlFhLkNvZGVycyIsIl9pZCI6IjY4ODhlY2RhNmQwYWNmMTM1NTNjOWVlZCJ9XSwiX192IjowLCJpYXQiOjE3NTQwODc1MzAsImV4cCI6MTc1NDE3MzkzMH0.OxEZoW3_BLi6J81sUomjKZ2E1VSxebKd_RUW-1xK2U4 
 headers={'User-Agent': 'python-requests/2.32.4', 'Accept-Encoding': 'gzip, deflate', 'accept': 'application/json', 'Connection': 'keep-alive', 'Content-Type': 'application/json', 'Content-Length': '166'} 
 body=b'{"fullName": "Martins Elifas", "mail": "elifass71@gmail.com", "password": "1234@Test", "accessProfile": "ADMIN", "cpf": "08191182023", "confirmPassword": "1234@Test"}' 
 </msg>
<msg time="2025-08-01T19:32:16.638836" level="INFO">POST Response : url=https://api-supernatural.qacoders.dev.br/api/user/?token=eyJhbGciOiJIUzI1NiIsInR5cCI6IkpXVCJ9.eyJfaWQiOiI2ODg4ZWNkYTZkMGFjZjEzNTUzYzllZWMiLCJmdWxsTmFtZSI6IlFhLUNvZGVycy1TWVNBRE1JTiIsIm1haWwiOiJzeXNhZG1pbkBxYWNvZGVycy5jb20iLCJwYXNzd29yZCI6IiQyYiQxMCRMZ0QwWi9PRDlUTDZYRngyZ1BFcHEuUzZKVFAxRURnYVQvSTVMSW83VmVNV09xdHpRSmgySyIsImFjY2Vzc1Byb2ZpbGUiOiJTWVNBRE1JTiIsImNwZiI6IjExMTExMTExMTExIiwic3RhdHVzIjp0cnVlLCJhdWRpdCI6W3sicmVnaXN0ZXJlZEJ5Ijp7InVzZXJJZCI6IjExMTExMTExMTExMTExMTExMSIsInVzZXJMb2dpbiI6InN5c2FkbWluQHFhY29kZXJzLmNvbSJ9LCJyZWdpc3RyYXRpb25EYXRlIjoidGVyw6dhLWZlaXJhLCAyOS8wNy8yMDI1LCAxMjo0NjozNCBCUlQiLCJyZWdpc3RyYXRpb25OdW1iZXIiOiIwMSIsImNvbXBhbnlJZCI6IlFhLkNvZGVycyIsIl9pZCI6IjY4ODhlY2RhNmQwYWNmMTM1NTNjOWVlZCJ9XSwiX192IjowLCJpYXQiOjE3NTQwODc1MzAsImV4cCI6MTc1NDE3MzkzMH0.OxEZoW3_BLi6J81sUomjKZ2E1VSxebKd_RUW-1xK2U4 
 status=409, reason=Conflict 
 headers={'Access-Control-Allow-Origin': '*', 'Content-Length': '64', 'Content-Type': 'application/json; charset=utf-8', 'Date': 'Fri, 01 Aug 2025 22:32:10 GMT', 'Etag': 'W/"40-Hh6Tou8hkyRv2nkXqWsFdaZlRc0"', 'X-Powered-By': 'Express'} 
 body={"alert":["O cpf informado já existe em nossa base de dados."]} 
 </msg>
<msg time="2025-08-01T19:32:16.639195" level="FAIL">Url: https://api-supernatural.qacoders.dev.br/api/user/?token=eyJhbGciOiJIUzI1NiIsInR5cCI6IkpXVCJ9.eyJfaWQiOiI2ODg4ZWNkYTZkMGFjZjEzNTUzYzllZWMiLCJmdWxsTmFtZSI6IlFhLUNvZGVycy1TWVNBRE1JTiIsIm1haWwiOiJzeXNhZG1pbkBxYWNvZGVycy5jb20iLCJwYXNzd29yZCI6IiQyYiQxMCRMZ0QwWi9PRDlUTDZYRngyZ1BFcHEuUzZKVFAxRURnYVQvSTVMSW83VmVNV09xdHpRSmgySyIsImFjY2Vzc1Byb2ZpbGUiOiJTWVNBRE1JTiIsImNwZiI6IjExMTExMTExMTExIiwic3RhdHVzIjp0cnVlLCJhdWRpdCI6W3sicmVnaXN0ZXJlZEJ5Ijp7InVzZXJJZCI6IjExMTExMTExMTExMTExMTExMSIsInVzZXJMb2dpbiI6InN5c2FkbWluQHFhY29kZXJzLmNvbSJ9LCJyZWdpc3RyYXRpb25EYXRlIjoidGVyw6dhLWZlaXJhLCAyOS8wNy8yMDI1LCAxMjo0NjozNCBCUlQiLCJyZWdpc3RyYXRpb25OdW1iZXIiOiIwMSIsImNvbXBhbnlJZCI6IlFhLkNvZGVycyIsIl9pZCI6IjY4ODhlY2RhNmQwYWNmMTM1NTNjOWVlZCJ9XSwiX192IjowLCJpYXQiOjE3NTQwODc1MzAsImV4cCI6MTc1NDE3MzkzMH0.OxEZoW3_BLi6J81sUomjKZ2E1VSxebKd_RUW-1xK2U4 Expected status: 409 != 500</msg>
<var>${resposta_usuario}</var>
<arg>alias=supernatural</arg>
<arg>url=/user/?token=${token}</arg>
<arg>json=${body}</arg>
<arg>expected_status=500</arg>
<doc>Sends a POST request on a previously created HTTP Session.</doc>
<status status="FAIL" start="2025-08-01T19:32:16.446014" elapsed="0.198300">Url: https://api-supernatural.qacoders.dev.br/api/user/?token=eyJhbGciOiJIUzI1NiIsInR5cCI6IkpXVCJ9.eyJfaWQiOiI2ODg4ZWNkYTZkMGFjZjEzNTUzYzllZWMiLCJmdWxsTmFtZSI6IlFhLUNvZGVycy1TWVNBRE1JTiIsIm1haWwiOiJzeXNhZG1pbkBxYWNvZGVycy5jb20iLCJwYXNzd29yZCI6IiQyYiQxMCRMZ0QwWi9PRDlUTDZYRngyZ1BFcHEuUzZKVFAxRURnYVQvSTVMSW83VmVNV09xdHpRSmgySyIsImFjY2Vzc1Byb2ZpbGUiOiJTWVNBRE1JTiIsImNwZiI6IjExMTExMTExMTExIiwic3RhdHVzIjp0cnVlLCJhdWRpdCI6W3sicmVnaXN0ZXJlZEJ5Ijp7InVzZXJJZCI6IjExMTExMTExMTExMTExMTExMSIsInVzZXJMb2dpbiI6InN5c2FkbWluQHFhY29kZXJzLmNvbSJ9LCJyZWdpc3RyYXRpb25EYXRlIjoidGVyw6dhLWZlaXJhLCAyOS8wNy8yMDI1LCAxMjo0NjozNCBCUlQiLCJyZWdpc3RyYXRpb25OdW1iZXIiOiIwMSIsImNvbXBhbnlJZCI6IlFhLkNvZGVycyIsIl9pZCI6IjY4ODhlY2RhNmQwYWNmMTM1NTNjOWVlZCJ9XSwiX192IjowLCJpYXQiOjE3NTQwODc1MzAsImV4cCI6MTc1NDE3MzkzMH0.OxEZoW3_BLi6J81sUomjKZ2E1VSxebKd_RUW-1xK2U4 Expected status: 409 != 500</status>
</kw>
<status status="FAIL" start="2025-08-01T19:32:15.250549" elapsed="1.394163">Url: https://api-supernatural.qacoders.dev.br/api/user/?token=eyJhbGciOiJIUzI1NiIsInR5cCI6IkpXVCJ9.eyJfaWQiOiI2ODg4ZWNkYTZkMGFjZjEzNTUzYzllZWMiLCJmdWxsTmFtZSI6IlFhLUNvZGVycy1TWVNBRE1JTiIsIm1haWwiOiJzeXNhZG1pbkBxYWNvZGVycy5jb20iLCJwYXNzd29yZCI6IiQyYiQxMCRMZ0QwWi9PRDlUTDZYRngyZ1BFcHEuUzZKVFAxRURnYVQvSTVMSW83VmVNV09xdHpRSmgySyIsImFjY2Vzc1Byb2ZpbGUiOiJTWVNBRE1JTiIsImNwZiI6IjExMTExMTExMTExIiwic3RhdHVzIjp0cnVlLCJhdWRpdCI6W3sicmVnaXN0ZXJlZEJ5Ijp7InVzZXJJZCI6IjExMTExMTExMTExMTExMTExMSIsInVzZXJMb2dpbiI6InN5c2FkbWluQHFhY29kZXJzLmNvbSJ9LCJyZWdpc3RyYXRpb25EYXRlIjoidGVyw6dhLWZlaXJhLCAyOS8wNy8yMDI1LCAxMjo0NjozNCBCUlQiLCJyZWdpc3RyYXRpb25OdW1iZXIiOiIwMSIsImNvbXBhbnlJZCI6IlFhLkNvZGVycyIsIl9pZCI6IjY4ODhlY2RhNmQwYWNmMTM1NTNjOWVlZCJ9XSwiX192IjowLCJpYXQiOjE3NTQwODc1MzAsImV4cCI6MTc1NDE3MzkzMH0.OxEZoW3_BLi6J81sUomjKZ2E1VSxebKd_RUW-1xK2U4 Expected status: 409 != 500</status>
</kw>
<status status="FAIL" start="2025-08-01T19:32:15.249957" elapsed="1.395620">Url: https://api-supernatural.qacoders.dev.br/api/user/?token=eyJhbGciOiJIUzI1NiIsInR5cCI6IkpXVCJ9.eyJfaWQiOiI2ODg4ZWNkYTZkMGFjZjEzNTUzYzllZWMiLCJmdWxsTmFtZSI6IlFhLUNvZGVycy1TWVNBRE1JTiIsIm1haWwiOiJzeXNhZG1pbkBxYWNvZGVycy5jb20iLCJwYXNzd29yZCI6IiQyYiQxMCRMZ0QwWi9PRDlUTDZYRngyZ1BFcHEuUzZKVFAxRURnYVQvSTVMSW83VmVNV09xdHpRSmgySyIsImFjY2Vzc1Byb2ZpbGUiOiJTWVNBRE1JTiIsImNwZiI6IjExMTExMTExMTExIiwic3RhdHVzIjp0cnVlLCJhdWRpdCI6W3sicmVnaXN0ZXJlZEJ5Ijp7InVzZXJJZCI6IjExMTExMTExMTExMTExMTExMSIsInVzZXJMb2dpbiI6InN5c2FkbWluQHFhY29kZXJzLmNvbSJ9LCJyZWdpc3RyYXRpb25EYXRlIjoidGVyw6dhLWZlaXJhLCAyOS8wNy8yMDI1LCAxMjo0NjozNCBCUlQiLCJyZWdpc3RyYXRpb25OdW1iZXIiOiIwMSIsImNvbXBhbnlJZCI6IlFhLkNvZGVycyIsIl9pZCI6IjY4ODhlY2RhNmQwYWNmMTM1NTNjOWVlZCJ9XSwiX192IjowLCJpYXQiOjE3NTQwODc1MzAsImV4cCI6MTc1NDE3MzkzMH0.OxEZoW3_BLi6J81sUomjKZ2E1VSxebKd_RUW-1xK2U4 Expected status: 409 != 500</status>
</test>
<doc>Pegar Token</doc>
<status status="FAIL" start="2025-08-01T19:32:13.295171" elapsed="3.353634"/>
</suite>
<statistics>
<total>
<stat pass="1" fail="1" skip="0">All Tests</stat>
</total>
<tag>
</tag>
<suite>
<stat name="1 - Criação de usuario" id="s1" pass="1" fail="1" skip="0">1 - Criação de usuario</stat>
</suite>
</statistics>
<errors>
</errors>
</robot>
